<?xml version="1.0" encoding="UTF-8"?>
<testsuite name="com.guru99.gurubank.pruebas.runners.IniciarSesionRunner2" tests="1" skipped="0" failures="1" errors="0" timestamp="2020-06-08T19:45:58" hostname="DESKTOP-95SD6QO" time="0.002">
  <properties/>
  <testcase name="initializationError" classname="com.guru99.gurubank.pruebas.runners.IniciarSesionRunner2" time="0.002">
    <failure message="cucumber.runtime.CucumberException: gherkin.ParserException$CompositeParserException: Parser errors:&#10;(2:1): expected: #TagLine, #FeatureLine, #Comment, #Empty, got 'Caracter�stica: Inicio de sesion'&#10;(4:3): expected: #TagLine, #FeatureLine, #Comment, #Empty, got 'Esquema del escenario: Inicios de sesion fallidos'&#10;(5:5): expected: #TagLine, #FeatureLine, #Comment, #Empty, got 'Dado que estoy en la pagina de inicio de GuruBank'&#10;(6:5): expected: #TagLine, #FeatureLine, #Comment, #Empty, got 'Cuando ingreso mis credenciales'&#10;(7:7): expected: #TagLine, #FeatureLine, #Comment, #Empty, got '| usuario   | clave   |'&#10;(8:7): expected: #TagLine, #FeatureLine, #Comment, #Empty, got '| &lt;Usuario&gt; | &lt;Clave&gt; |'&#10;(9:5): expected: #TagLine, #FeatureLine, #Comment, #Empty, got 'Entonces valido la presencia de una alerta'&#10;(11:5): expected: #TagLine, #FeatureLine, #Comment, #Empty, got 'Ejemplos:'&#10;(12:7): expected: #TagLine, #FeatureLine, #Comment, #Empty, got '| Usuario         | Clave         |'&#10;(13:7): expected: #TagLine, #FeatureLine, #Comment, #Empty, got '| mngr255781      | claveInvalida |'&#10;(14:7): expected: #TagLine, #FeatureLine, #Comment, #Empty, got '| usuarioInvalido | YjuvAjU       |'" type="cucumber.runtime.CucumberException">cucumber.runtime.CucumberException: gherkin.ParserException$CompositeParserException: Parser errors:
(2:1): expected: #TagLine, #FeatureLine, #Comment, #Empty, got 'Caracter�stica: Inicio de sesion'
(4:3): expected: #TagLine, #FeatureLine, #Comment, #Empty, got 'Esquema del escenario: Inicios de sesion fallidos'
(5:5): expected: #TagLine, #FeatureLine, #Comment, #Empty, got 'Dado que estoy en la pagina de inicio de GuruBank'
(6:5): expected: #TagLine, #FeatureLine, #Comment, #Empty, got 'Cuando ingreso mis credenciales'
(7:7): expected: #TagLine, #FeatureLine, #Comment, #Empty, got '| usuario   | clave   |'
(8:7): expected: #TagLine, #FeatureLine, #Comment, #Empty, got '| &lt;Usuario&gt; | &lt;Clave&gt; |'
(9:5): expected: #TagLine, #FeatureLine, #Comment, #Empty, got 'Entonces valido la presencia de una alerta'
(11:5): expected: #TagLine, #FeatureLine, #Comment, #Empty, got 'Ejemplos:'
(12:7): expected: #TagLine, #FeatureLine, #Comment, #Empty, got '| Usuario         | Clave         |'
(13:7): expected: #TagLine, #FeatureLine, #Comment, #Empty, got '| mngr255781      | claveInvalida |'
(14:7): expected: #TagLine, #FeatureLine, #Comment, #Empty, got '| usuarioInvalido | YjuvAjU       |'
	at cucumber.runtime.FeatureBuilder.parse(FeatureBuilder.java:60)
	at cucumber.runtime.model.CucumberFeature.loadFromFeaturePath(CucumberFeature.java:113)
	at cucumber.runtime.model.CucumberFeature.load(CucumberFeature.java:49)
	at cucumber.runtime.model.CucumberFeature.load(CucumberFeature.java:31)
	at cucumber.runtime.RuntimeOptions.cucumberFeatures(RuntimeOptions.java:311)
	at cucumber.api.junit.Cucumber.&lt;init&gt;(Cucumber.java:81)
	at net.serenitybdd.cucumber.CucumberWithSerenity.&lt;init&gt;(CucumberWithSerenity.java:54)
	at sun.reflect.NativeConstructorAccessorImpl.newInstance0(Native Method)
	at sun.reflect.NativeConstructorAccessorImpl.newInstance(NativeConstructorAccessorImpl.java:62)
	at sun.reflect.DelegatingConstructorAccessorImpl.newInstance(DelegatingConstructorAccessorImpl.java:45)
	at java.lang.reflect.Constructor.newInstance(Constructor.java:423)
	at org.junit.internal.builders.AnnotatedBuilder.buildRunner(AnnotatedBuilder.java:104)
	at org.junit.internal.builders.AnnotatedBuilder.runnerForClass(AnnotatedBuilder.java:86)
	at org.junit.runners.model.RunnerBuilder.safeRunnerForClass(RunnerBuilder.java:59)
	at org.junit.internal.builders.AllDefaultPossibilitiesBuilder.runnerForClass(AllDefaultPossibilitiesBuilder.java:26)
	at org.junit.runners.model.RunnerBuilder.safeRunnerForClass(RunnerBuilder.java:59)
	at org.junit.internal.requests.ClassRequest.getRunner(ClassRequest.java:33)
	at org.gradle.api.internal.tasks.testing.junit.JUnitTestClassExecutor.runTestClass(JUnitTestClassExecutor.java:78)
	at org.gradle.api.internal.tasks.testing.junit.JUnitTestClassExecutor.execute(JUnitTestClassExecutor.java:58)
	at org.gradle.api.internal.tasks.testing.junit.JUnitTestClassExecutor.execute(JUnitTestClassExecutor.java:38)
	at org.gradle.api.internal.tasks.testing.junit.AbstractJUnitTestClassProcessor.processTestClass(AbstractJUnitTestClassProcessor.java:62)
	at org.gradle.api.internal.tasks.testing.SuiteTestClassProcessor.processTestClass(SuiteTestClassProcessor.java:51)
	at sun.reflect.NativeMethodAccessorImpl.invoke0(Native Method)
	at sun.reflect.NativeMethodAccessorImpl.invoke(NativeMethodAccessorImpl.java:62)
	at sun.reflect.DelegatingMethodAccessorImpl.invoke(DelegatingMethodAccessorImpl.java:43)
	at java.lang.reflect.Method.invoke(Method.java:498)
	at org.gradle.internal.dispatch.ReflectionDispatch.dispatch(ReflectionDispatch.java:36)
	at org.gradle.internal.dispatch.ReflectionDispatch.dispatch(ReflectionDispatch.java:24)
	at org.gradle.internal.dispatch.ContextClassLoaderDispatch.dispatch(ContextClassLoaderDispatch.java:33)
	at org.gradle.internal.dispatch.ProxyDispatchAdapter$DispatchingInvocationHandler.invoke(ProxyDispatchAdapter.java:94)
	at com.sun.proxy.$Proxy2.processTestClass(Unknown Source)
	at org.gradle.api.internal.tasks.testing.worker.TestWorker.processTestClass(TestWorker.java:118)
	at sun.reflect.NativeMethodAccessorImpl.invoke0(Native Method)
	at sun.reflect.NativeMethodAccessorImpl.invoke(NativeMethodAccessorImpl.java:62)
	at sun.reflect.DelegatingMethodAccessorImpl.invoke(DelegatingMethodAccessorImpl.java:43)
	at java.lang.reflect.Method.invoke(Method.java:498)
	at org.gradle.internal.dispatch.ReflectionDispatch.dispatch(ReflectionDispatch.java:36)
	at org.gradle.internal.dispatch.ReflectionDispatch.dispatch(ReflectionDispatch.java:24)
	at org.gradle.internal.remote.internal.hub.MessageHubBackedObjectConnection$DispatchWrapper.dispatch(MessageHubBackedObjectConnection.java:182)
	at org.gradle.internal.remote.internal.hub.MessageHubBackedObjectConnection$DispatchWrapper.dispatch(MessageHubBackedObjectConnection.java:164)
	at org.gradle.internal.remote.internal.hub.MessageHub$Handler.run(MessageHub.java:412)
	at org.gradle.internal.concurrent.ExecutorPolicy$CatchAndRecordFailures.onExecute(ExecutorPolicy.java:64)
	at org.gradle.internal.concurrent.ManagedExecutorImpl$1.run(ManagedExecutorImpl.java:48)
	at java.util.concurrent.ThreadPoolExecutor.runWorker(ThreadPoolExecutor.java:1149)
	at java.util.concurrent.ThreadPoolExecutor$Worker.run(ThreadPoolExecutor.java:624)
	at org.gradle.internal.concurrent.ThreadFactoryImpl$ManagedThreadRunnable.run(ThreadFactoryImpl.java:56)
	at java.lang.Thread.run(Thread.java:748)
Caused by: gherkin.ParserException$CompositeParserException: Parser errors:
(2:1): expected: #TagLine, #FeatureLine, #Comment, #Empty, got 'Caracter�stica: Inicio de sesion'
(4:3): expected: #TagLine, #FeatureLine, #Comment, #Empty, got 'Esquema del escenario: Inicios de sesion fallidos'
(5:5): expected: #TagLine, #FeatureLine, #Comment, #Empty, got 'Dado que estoy en la pagina de inicio de GuruBank'
(6:5): expected: #TagLine, #FeatureLine, #Comment, #Empty, got 'Cuando ingreso mis credenciales'
(7:7): expected: #TagLine, #FeatureLine, #Comment, #Empty, got '| usuario   | clave   |'
(8:7): expected: #TagLine, #FeatureLine, #Comment, #Empty, got '| &lt;Usuario&gt; | &lt;Clave&gt; |'
(9:5): expected: #TagLine, #FeatureLine, #Comment, #Empty, got 'Entonces valido la presencia de una alerta'
(11:5): expected: #TagLine, #FeatureLine, #Comment, #Empty, got 'Ejemplos:'
(12:7): expected: #TagLine, #FeatureLine, #Comment, #Empty, got '| Usuario         | Clave         |'
(13:7): expected: #TagLine, #FeatureLine, #Comment, #Empty, got '| mngr255781      | claveInvalida |'
(14:7): expected: #TagLine, #FeatureLine, #Comment, #Empty, got '| usuarioInvalido | YjuvAjU       |'
	at gherkin.Parser.addError(Parser.java:152)
	at gherkin.Parser.matchTokenAt_1(Parser.java:530)
	at gherkin.Parser.matchToken(Parser.java:340)
	at gherkin.Parser.parse(Parser.java:137)
	at gherkin.Parser.parse(Parser.java:118)
	at gherkin.Parser.parse(Parser.java:114)
	at cucumber.runtime.FeatureBuilder.parse(FeatureBuilder.java:56)
	... 46 more
</failure>
  </testcase>
  <system-out><![CDATA[]]></system-out>
  <system-err><![CDATA[]]></system-err>
</testsuite>
