<!DOCTYPE html>
<html>
<head>
<meta http-equiv="Content-Type" content="text/html; charset=utf-8"/>
<meta http-equiv="x-ua-compatible" content="IE=edge"/>
<title>Test results - Class com.guru99.gurubank.pruebas.runners.IniciarSesionRunner2</title>
<link href="../css/base-style.css" rel="stylesheet" type="text/css"/>
<link href="../css/style.css" rel="stylesheet" type="text/css"/>
<script src="../js/report.js" type="text/javascript"></script>
</head>
<body>
<div id="content">
<h1>Class com.guru99.gurubank.pruebas.runners.IniciarSesionRunner2</h1>
<div class="breadcrumbs">
<a href="../index.html">all</a> &gt; 
<a href="../packages/com.guru99.gurubank.pruebas.runners.html">com.guru99.gurubank.pruebas.runners</a> &gt; IniciarSesionRunner2</div>
<div id="summary">
<table>
<tr>
<td>
<div class="summaryGroup">
<table>
<tr>
<td>
<div class="infoBox" id="tests">
<div class="counter">1</div>
<p>tests</p>
</div>
</td>
<td>
<div class="infoBox" id="failures">
<div class="counter">1</div>
<p>failures</p>
</div>
</td>
<td>
<div class="infoBox" id="ignored">
<div class="counter">0</div>
<p>ignored</p>
</div>
</td>
<td>
<div class="infoBox" id="duration">
<div class="counter">0.002s</div>
<p>duration</p>
</div>
</td>
</tr>
</table>
</div>
</td>
<td>
<div class="infoBox failures" id="successRate">
<div class="percent">0%</div>
<p>successful</p>
</div>
</td>
</tr>
</table>
</div>
<div id="tabs">
<ul class="tabLinks">
<li>
<a href="#tab0">Failed tests</a>
</li>
<li>
<a href="#tab1">Tests</a>
</li>
</ul>
<div id="tab0" class="tab">
<h2>Failed tests</h2>
<div class="test">
<a name="initializationError"></a>
<h3 class="failures">initializationError</h3>
<span class="code">
<pre>cucumber.runtime.CucumberException: gherkin.ParserException$CompositeParserException: Parser errors:
(2:1): expected: #TagLine, #FeatureLine, #Comment, #Empty, got 'Caracter�stica: Inicio de sesion'
(4:3): expected: #TagLine, #FeatureLine, #Comment, #Empty, got 'Esquema del escenario: Inicios de sesion fallidos'
(5:5): expected: #TagLine, #FeatureLine, #Comment, #Empty, got 'Dado que estoy en la pagina de inicio de GuruBank'
(6:5): expected: #TagLine, #FeatureLine, #Comment, #Empty, got 'Cuando ingreso mis credenciales'
(7:7): expected: #TagLine, #FeatureLine, #Comment, #Empty, got '| usuario   | clave   |'
(8:7): expected: #TagLine, #FeatureLine, #Comment, #Empty, got '| &lt;Usuario&gt; | &lt;Clave&gt; |'
(9:5): expected: #TagLine, #FeatureLine, #Comment, #Empty, got 'Entonces valido la presencia de una alerta'
(11:5): expected: #TagLine, #FeatureLine, #Comment, #Empty, got 'Ejemplos:'
(12:7): expected: #TagLine, #FeatureLine, #Comment, #Empty, got '| Usuario         | Clave         |'
(13:7): expected: #TagLine, #FeatureLine, #Comment, #Empty, got '| mngr255781      | claveInvalida |'
(14:7): expected: #TagLine, #FeatureLine, #Comment, #Empty, got '| usuarioInvalido | YjuvAjU       |'
	at cucumber.runtime.FeatureBuilder.parse(FeatureBuilder.java:60)
	at cucumber.runtime.model.CucumberFeature.loadFromFeaturePath(CucumberFeature.java:113)
	at cucumber.runtime.model.CucumberFeature.load(CucumberFeature.java:49)
	at cucumber.runtime.model.CucumberFeature.load(CucumberFeature.java:31)
	at cucumber.runtime.RuntimeOptions.cucumberFeatures(RuntimeOptions.java:311)
	at cucumber.api.junit.Cucumber.&lt;init&gt;(Cucumber.java:81)
	at net.serenitybdd.cucumber.CucumberWithSerenity.&lt;init&gt;(CucumberWithSerenity.java:54)
	at sun.reflect.NativeConstructorAccessorImpl.newInstance0(Native Method)
	at sun.reflect.NativeConstructorAccessorImpl.newInstance(NativeConstructorAccessorImpl.java:62)
	at sun.reflect.DelegatingConstructorAccessorImpl.newInstance(DelegatingConstructorAccessorImpl.java:45)
	at java.lang.reflect.Constructor.newInstance(Constructor.java:423)
	at org.junit.internal.builders.AnnotatedBuilder.buildRunner(AnnotatedBuilder.java:104)
	at org.junit.internal.builders.AnnotatedBuilder.runnerForClass(AnnotatedBuilder.java:86)
	at org.junit.runners.model.RunnerBuilder.safeRunnerForClass(RunnerBuilder.java:59)
	at org.junit.internal.builders.AllDefaultPossibilitiesBuilder.runnerForClass(AllDefaultPossibilitiesBuilder.java:26)
	at org.junit.runners.model.RunnerBuilder.safeRunnerForClass(RunnerBuilder.java:59)
	at org.junit.internal.requests.ClassRequest.getRunner(ClassRequest.java:33)
	at org.gradle.api.internal.tasks.testing.junit.JUnitTestClassExecutor.runTestClass(JUnitTestClassExecutor.java:78)
	at org.gradle.api.internal.tasks.testing.junit.JUnitTestClassExecutor.execute(JUnitTestClassExecutor.java:58)
	at org.gradle.api.internal.tasks.testing.junit.JUnitTestClassExecutor.execute(JUnitTestClassExecutor.java:38)
	at org.gradle.api.internal.tasks.testing.junit.AbstractJUnitTestClassProcessor.processTestClass(AbstractJUnitTestClassProcessor.java:62)
	at org.gradle.api.internal.tasks.testing.SuiteTestClassProcessor.processTestClass(SuiteTestClassProcessor.java:51)
	at sun.reflect.NativeMethodAccessorImpl.invoke0(Native Method)
	at sun.reflect.NativeMethodAccessorImpl.invoke(NativeMethodAccessorImpl.java:62)
	at sun.reflect.DelegatingMethodAccessorImpl.invoke(DelegatingMethodAccessorImpl.java:43)
	at java.lang.reflect.Method.invoke(Method.java:498)
	at org.gradle.internal.dispatch.ReflectionDispatch.dispatch(ReflectionDispatch.java:36)
	at org.gradle.internal.dispatch.ReflectionDispatch.dispatch(ReflectionDispatch.java:24)
	at org.gradle.internal.dispatch.ContextClassLoaderDispatch.dispatch(ContextClassLoaderDispatch.java:33)
	at org.gradle.internal.dispatch.ProxyDispatchAdapter$DispatchingInvocationHandler.invoke(ProxyDispatchAdapter.java:94)
	at com.sun.proxy.$Proxy2.processTestClass(Unknown Source)
	at org.gradle.api.internal.tasks.testing.worker.TestWorker.processTestClass(TestWorker.java:118)
	at sun.reflect.NativeMethodAccessorImpl.invoke0(Native Method)
	at sun.reflect.NativeMethodAccessorImpl.invoke(NativeMethodAccessorImpl.java:62)
	at sun.reflect.DelegatingMethodAccessorImpl.invoke(DelegatingMethodAccessorImpl.java:43)
	at java.lang.reflect.Method.invoke(Method.java:498)
	at org.gradle.internal.dispatch.ReflectionDispatch.dispatch(ReflectionDispatch.java:36)
	at org.gradle.internal.dispatch.ReflectionDispatch.dispatch(ReflectionDispatch.java:24)
	at org.gradle.internal.remote.internal.hub.MessageHubBackedObjectConnection$DispatchWrapper.dispatch(MessageHubBackedObjectConnection.java:182)
	at org.gradle.internal.remote.internal.hub.MessageHubBackedObjectConnection$DispatchWrapper.dispatch(MessageHubBackedObjectConnection.java:164)
	at org.gradle.internal.remote.internal.hub.MessageHub$Handler.run(MessageHub.java:412)
	at org.gradle.internal.concurrent.ExecutorPolicy$CatchAndRecordFailures.onExecute(ExecutorPolicy.java:64)
	at org.gradle.internal.concurrent.ManagedExecutorImpl$1.run(ManagedExecutorImpl.java:48)
	at java.util.concurrent.ThreadPoolExecutor.runWorker(ThreadPoolExecutor.java:1149)
	at java.util.concurrent.ThreadPoolExecutor$Worker.run(ThreadPoolExecutor.java:624)
	at org.gradle.internal.concurrent.ThreadFactoryImpl$ManagedThreadRunnable.run(ThreadFactoryImpl.java:56)
	at java.lang.Thread.run(Thread.java:748)
Caused by: gherkin.ParserException$CompositeParserException: Parser errors:
(2:1): expected: #TagLine, #FeatureLine, #Comment, #Empty, got 'Caracter�stica: Inicio de sesion'
(4:3): expected: #TagLine, #FeatureLine, #Comment, #Empty, got 'Esquema del escenario: Inicios de sesion fallidos'
(5:5): expected: #TagLine, #FeatureLine, #Comment, #Empty, got 'Dado que estoy en la pagina de inicio de GuruBank'
(6:5): expected: #TagLine, #FeatureLine, #Comment, #Empty, got 'Cuando ingreso mis credenciales'
(7:7): expected: #TagLine, #FeatureLine, #Comment, #Empty, got '| usuario   | clave   |'
(8:7): expected: #TagLine, #FeatureLine, #Comment, #Empty, got '| &lt;Usuario&gt; | &lt;Clave&gt; |'
(9:5): expected: #TagLine, #FeatureLine, #Comment, #Empty, got 'Entonces valido la presencia de una alerta'
(11:5): expected: #TagLine, #FeatureLine, #Comment, #Empty, got 'Ejemplos:'
(12:7): expected: #TagLine, #FeatureLine, #Comment, #Empty, got '| Usuario         | Clave         |'
(13:7): expected: #TagLine, #FeatureLine, #Comment, #Empty, got '| mngr255781      | claveInvalida |'
(14:7): expected: #TagLine, #FeatureLine, #Comment, #Empty, got '| usuarioInvalido | YjuvAjU       |'
	at gherkin.Parser.addError(Parser.java:152)
	at gherkin.Parser.matchTokenAt_1(Parser.java:530)
	at gherkin.Parser.matchToken(Parser.java:340)
	at gherkin.Parser.parse(Parser.java:137)
	at gherkin.Parser.parse(Parser.java:118)
	at gherkin.Parser.parse(Parser.java:114)
	at cucumber.runtime.FeatureBuilder.parse(FeatureBuilder.java:56)
	... 46 more
</pre>
</span>
</div>
</div>
<div id="tab1" class="tab">
<h2>Tests</h2>
<table>
<thead>
<tr>
<th>Test</th>
<th>Duration</th>
<th>Result</th>
</tr>
</thead>
<tr>
<td class="failures">initializationError</td>
<td class="failures">0.002s</td>
<td class="failures">failed</td>
</tr>
</table>
</div>
</div>
<div id="footer">
<p>
<div>
<label class="hidden" id="label-for-line-wrapping-toggle" for="line-wrapping-toggle">Wrap lines
<input id="line-wrapping-toggle" type="checkbox" autocomplete="off"/>
</label>
</div>Generated by 
<a href="http://www.gradle.org">Gradle 5.6.4</a> at 8/06/2020 02:48:38 PM</p>
</div>
</div>
</body>
</html>
